mailto:magazine@walla.net.il
mailto:?subject=שעות כניסת ויציאת שבת: פרשת נח, ד' חשון תש"פ , 2 בנובמבר 2019 - וואלה!&body=%0D%0A לקריאת הכתבה:%0D%0Ahttps%3A%2F%2Fnews.walla.co.il%2Fitem%2F3006817%3Futm_campaign%3Dsocialbutton%26utm_content%3Dmail%26utm_medium%3Dsharebutton%26utm_source%3Dmail%26utm_term%3Dsocial
mailto:accessibility@walla.net.il
mailto:suzi@dominos.co.il
mailto:info@moonsite.co.il
mailto:?subject=צה"ל תוקף יעדי חמאס ברצועת עזה בתגובה לשתי רקטות שנורו על ב"ש - וואלה!&body=%0D%0A לקריאת הכתבה:%0D%0Ahttps%3A%2F%2Fnews.walla.co.il%2Fitem%2F3323993%3Futm_campaign%3Dsocialbutton%26utm_content%3Dmail%26utm_medium%3Dsharebutton%26utm_source%3Dmail%26utm_term%3Dsocial
mailto:?subject=צה"ל תקף יעדי טרור של חמאס בצפון רצועת עזה - וואלה!&body=%0D%0A לקריאת הכתבה:%0D%0Ahttps%3A%2F%2Fnews.walla.co.il%2Fitem%2F3323996%3Futm_campaign%3Dsocialbutton%26utm_content%3Dmail%26utm_medium%3Dsharebutton%26utm_source%3Dmail%26utm_term%3Dsocial
mailto:?subject=צה"ל: הותקפה תשתית תת-קרקע של חמאס ברצועה - וואלה!&body=%0D%0A לקריאת הכתבה:%0D%0Ahttps%3A%2F%2Fnews.walla.co.il%2Fitem%2F3324001%3Futm_campaign%3Dsocialbutton%26utm_content%3Dmail%26utm_medium%3Dsharebutton%26utm_source%3Dmail%26utm_term%3Dsocial
mailto:?subject=מזג אוויר: ירידה קלה בטמפרטורות וגשמים מקומיים - וואלה!&body=%0D%0A לקריאת הכתבה:%0D%0Ahttps%3A%2F%2Fnews.walla.co.il%2Fitem%2F3323998%3Futm_campaign%3Dsocialbutton%26utm_content%3Dmail%26utm_medium%3Dsharebutton%26utm_source%3Dmail%26utm_term%3Dsocial
mailto:?subject=בוליביה: חמישה מפגינים נהרגו בעימותים עם כוחות הביטחון - וואלה!&body=%0D%0A לקריאת הכתבה:%0D%0Ahttps%3A%2F%2Fnews.walla.co.il%2Fitem%2F3324000%3Futm_campaign%3Dsocialbutton%26utm_content%3Dmail%26utm_medium%3Dsharebutton%26utm_source%3Dmail%26utm_term%3Dsocial
mailto:?subject=ארה"ב: מת מפצעיו בן ה-16 שירה למוות בשניים מבני כיתתו - וואלה!&body=%0D%0A לקריאת הכתבה:%0D%0Ahttps%3A%2F%2Fnews.walla.co.il%2Fitem%2F3323995%3Futm_campaign%3Dsocialbutton%26utm_content%3Dmail%26utm_medium%3Dsharebutton%26utm_source%3Dmail%26utm_term%3Dsocial
mailto:?subject=אזעקות נשמעו בבאר שבע, שגב שלום ובפזורה - וואלה!&body=%0D%0A לקריאת הכתבה:%0D%0Ahttps%3A%2F%2Fnews.walla.co.il%2Fitem%2F3323991%3Futm_campaign%3Dsocialbutton%26utm_content%3Dmail%26utm_medium%3Dsharebutton%26utm_source%3Dmail%26utm_term%3Dsocial
mailto:?subject=שתי רקטות יורטו מעל באר שבע; שלושה נחבלו בדרכם לממ"ד - וואלה!&body=%0D%0A לקריאת הכתבה:%0D%0Ahttps%3A%2F%2Fnews.walla.co.il%2Fitem%2F3323992%3Futm_campaign%3Dsocialbutton%26utm_content%3Dmail%26utm_medium%3Dsharebutton%26utm_source%3Dmail%26utm_term%3Dsocial
mailto:?subject=ירי הרקטות על באר שבע: תשעה בני אדם נפצעו באורח קל - וואלה!&body=%0D%0A לקריאת הכתבה:%0D%0Ahttps%3A%2F%2Fnews.walla.co.il%2Fitem%2F3323994%3Futm_campaign%3Dsocialbutton%26utm_content%3Dmail%26utm_medium%3Dsharebutton%26utm_source%3Dmail%26utm_term%3Dsocial
mailto:?subject=טראמפ העניק חנינה לשני קצינים שהואשמו בפשעי מלחמה - וואלה!&body=%0D%0A לקריאת הכתבה:%0D%0Ahttps%3A%2F%2Fnews.walla.co.il%2Fitem%2F3323990%3Futm_campaign%3Dsocialbutton%26utm_content%3Dmail%26utm_medium%3Dsharebutton%26utm_source%3Dmail%26utm_term%3Dsocial
mailto:?subject=ארה"ב: 41% תומכים בהדחת טראמפ בעקבות השימועים - וואלה!&body=%0D%0A לקריאת הכתבה:%0D%0Ahttps%3A%2F%2Fnews.walla.co.il%2Fitem%2F3323989%3Futm_campaign%3Dsocialbutton%26utm_content%3Dmail%26utm_medium%3Dsharebutton%26utm_source%3Dmail%26utm_term%3Dsocial
mailto:?subject=עיראק: 2 הרוגים ו-12 פצועים בפיצוץ מטען מאולתר בבגדאד - וואלה!&body=%0D%0A לקריאת הכתבה:%0D%0Ahttps%3A%2F%2Fnews.walla.co.il%2Fitem%2F3323985%3Futm_campaign%3Dsocialbutton%26utm_content%3Dmail%26utm_medium%3Dsharebutton%26utm_source%3Dmail%26utm_term%3Dsocial
mailto:?subject=עיראק: שלושה מפגינים נהרגו מירי כוחות הביטחון בבגדאד - וואלה!&body=%0D%0A לקריאת הכתבה:%0D%0Ahttps%3A%2F%2Fnews.walla.co.il%2Fitem%2F3323988%3Futm_campaign%3Dsocialbutton%26utm_content%3Dmail%26utm_medium%3Dsharebutton%26utm_source%3Dmail%26utm_term%3Dsocial
mailto:?subject=גבר בן 31 נפצע בינוני מירי באבו סנאן - וואלה!&body=%0D%0A לקריאת הכתבה:%0D%0Ahttps%3A%2F%2Fnews.walla.co.il%2Fitem%2F3323987%3Futm_campaign%3Dsocialbutton%26utm_content%3Dmail%26utm_medium%3Dsharebutton%26utm_source%3Dmail%26utm_term%3Dsocial
mailto:?subject=נשיא בוליביה לשעבר: ארה"ב הציעה לי מטוס שיבריח אותי - וואלה!&body=%0D%0A לקריאת הכתבה:%0D%0Ahttps%3A%2F%2Fnews.walla.co.il%2Fitem%2F3323981%3Futm_campaign%3Dsocialbutton%26utm_content%3Dmail%26utm_medium%3Dsharebutton%26utm_source%3Dmail%26utm_term%3Dsocial
mailto:?subject=השירות המטאורולוגי: חשש לשיטפונות בבקעה ובמדבר יהודה - וואלה!&body=%0D%0A לקריאת הכתבה:%0D%0Ahttps%3A%2F%2Fnews.walla.co.il%2Fitem%2F3323984%3Futm_campaign%3Dsocialbutton%26utm_content%3Dmail%26utm_medium%3Dsharebutton%26utm_source%3Dmail%26utm_term%3Dsocial
mailto:?subject=צעיר בן 22 נפצע בינוני מירי בכפר יאסיף - וואלה!&body=%0D%0A לקריאת הכתבה:%0D%0Ahttps%3A%2F%2Fnews.walla.co.il%2Fitem%2F3323977%3Futm_campaign%3Dsocialbutton%26utm_content%3Dmail%26utm_medium%3Dsharebutton%26utm_source%3Dmail%26utm_term%3Dsocial
mailto:?subject=ילד בן שלוש מרהט במצב אנוש; הפרטים טרם ידועים - וואלה!&body=%0D%0A לקריאת הכתבה:%0D%0Ahttps%3A%2F%2Fnews.walla.co.il%2Fitem%2F3323970%3Futm_campaign%3Dsocialbutton%26utm_content%3Dmail%26utm_medium%3Dsharebutton%26utm_source%3Dmail%26utm_term%3Dsocial
mailto:?subject=הניצחון על נבחרת איראן התחלף בדם: בין אופוריה למוות ברחובות עיראק - וואלה!&body=%0D%0A לקריאת הכתבה:%0D%0Ahttps%3A%2F%2Fnews.walla.co.il%2Fitem%2F3323982%3Futm_campaign%3Dsocialbutton%26utm_content%3Dmail%26utm_medium%3Dsharebutton%26utm_source%3Dmail%26utm_term%3Dsocial
mailto:?subject=נבחרת ישראל העפילה לפלייאוף של מוקדמות יורו 2020 - וואלה!&body=%0D%0A לקריאת הכתבה:%0D%0Ahttps%3A%2F%2Fsports.walla.co.il%2Fitem%2F3323885%3Futm_campaign%3Dsocialbutton%26utm_content%3Dmail%26utm_medium%3Dsharebutton%26utm_source%3Dmail%26utm_term%3Dsocial
mailto:?subject=דווחו לנו: במייל האדום וגם בווטסאפ - וואלה!&body=%0D%0A לקריאת הכתבה:%0D%0Ahttps%3A%2F%2Fnews.walla.co.il%2Fitem%2F2773368%3Futm_campaign%3Dsocialbutton%26utm_content%3Dmail%26utm_medium%3Dsharebutton%26utm_source%3Dmail%26utm_term%3Dsocial
mailto:?subject=חצי צ'רלי: "המלאכיות של צ'רלי" החדש הוא שיפור עצום לעומת קודמיו, ועדיין הדרך ארוכה - וואלה!&body=%0D%0A לקריאת הכתבה:%0D%0Ahttps%3A%2F%2Fe.walla.co.il%2Fitem%2F3323849%3Futm_campaign%3Dsocialbutton%26utm_content%3Dmail%26utm_medium%3Dsharebutton%26utm_source%3Dmail%26utm_term%3Dsocial
mailto:?subject=המקומות החדשים בקניון הכי חווייתי בין תל אביב לירושלים - וואלה!&body=%0D%0A לקריאת הכתבה:%0D%0Ahttps%3A%2F%2Ffinance.walla.co.il%2Fitem%2F3322351%3Futm_campaign%3Dsocialbutton%26utm_content%3Dmail%26utm_medium%3Dsharebutton%26utm_source%3Dmail%26utm_term%3Dsocial
mailto:?subject=6 טעויות שאתם עושים ברשת שפוגעות לכם בעסק - וואלה!&body=%0D%0A לקריאת הכתבה:%0D%0Ahttp%3A%2F%2Ftld.walla.co.il%2Fitem%2F3235509%3Futm_campaign%3Dsocialbutton%26utm_content%3Dmail%26utm_medium%3Dsharebutton%26utm_source%3Dmail%26utm_term%3Dsocial
mailto:?subject=צלב קרס רוסס על אמבולנס של מד"א בתל אביב - וואלה!&body=%0D%0A לקריאת הכתבה:%0D%0Ahttps%3A%2F%2Fnews.walla.co.il%2Fitem%2F3323976%3Futm_campaign%3Dsocialbutton%26utm_content%3Dmail%26utm_medium%3Dsharebutton%26utm_source%3Dmail%26utm_term%3Dsocial
mailto:?subject=2 מיליון צופים המומים: צעירה הורידה תחתונים במועדון מסיבה ביזארית במיוחד - וואלה!&body=%0D%0A לקריאת הכתבה:%0D%0Ahttps%3A%2F%2Fnews.walla.co.il%2Fitem%2F3321843%3Futm_campaign%3Dsocialbutton%26utm_content%3Dmail%26utm_medium%3Dsharebutton%26utm_source%3Dmail%26utm_term%3Dsocial
mailto:?subject=אישה בת 30 נפצעה קשה בתאונת דרכים ליד כפר בגליל - וואלה!&body=%0D%0A לקריאת הכתבה:%0D%0Ahttps%3A%2F%2Fnews.walla.co.il%2Fitem%2F3323968%3Futm_campaign%3Dsocialbutton%26utm_content%3Dmail%26utm_medium%3Dsharebutton%26utm_source%3Dmail%26utm_term%3Dsocial
mailto:?subject=אמאל'ה! מה קרה לפנים של כריסי טיגן? - וואלה!&body=%0D%0A לקריאת הכתבה:%0D%0Ahttps%3A%2F%2Ffashion.walla.co.il%2Fitem%2F3323252%3Futm_campaign%3Dsocialbutton%26utm_content%3Dmail%26utm_medium%3Dsharebutton%26utm_source%3Dmail%26utm_term%3Dsocial
mailto:?subject=מה קורה בגוף במהלך התקף חרדה? - וואלה!&body=%0D%0A לקריאת הכתבה:%0D%0Ahttps%3A%2F%2Fhealthy.walla.co.il%2Fitem%2F3323770%3Futm_campaign%3Dsocialbutton%26utm_content%3Dmail%26utm_medium%3Dsharebutton%26utm_source%3Dmail%26utm_term%3Dsocial
mailto:?subject=יותר מ-5,000 שקלים לתמונה: מחירון המשפיענים "הקטנים" נחשף - וואלה!&body=%0D%0A לקריאת הכתבה:%0D%0Ahttps%3A%2F%2Ftech.walla.co.il%2Fitem%2F3323821%3Futm_campaign%3Dsocialbutton%26utm_content%3Dmail%26utm_medium%3Dsharebutton%26utm_source%3Dmail%26utm_term%3Dsocial
mailto:?subject=הילד שלכם חייב לצרוך יותר סידן. הנה כל הסיבות - וואלה!&body=%0D%0A לקריאת הכתבה:%0D%0Ahttps%3A%2F%2Fhealthy.walla.co.il%2Fitem%2F3322023%3Futm_campaign%3Dsocialbutton%26utm_content%3Dmail%26utm_medium%3Dsharebutton%26utm_source%3Dmail%26utm_term%3Dsocial
mailto:?subject=נביא זעם - וואלה!&body=%0D%0A לקריאת הכתבה:%0D%0Ahttps%3A%2F%2Fe.walla.co.il%2Fitem%2F3323348%3Futm_campaign%3Dsocialbutton%26utm_content%3Dmail%26utm_medium%3Dsharebutton%26utm_source%3Dmail%26utm_term%3Dsocial
mailto:?subject=כך תיקחו הלוואה באחריות ותחזירו בקלות - וואלה!&body=%0D%0A לקריאת הכתבה:%0D%0Ahttp%3A%2F%2Ftld.walla.co.il%2Fitem%2F3239079%3Futm_campaign%3Dsocialbutton%26utm_content%3Dmail%26utm_medium%3Dsharebutton%26utm_source%3Dmail%26utm_term%3Dsocial
mailto:?subject=גבר בן 40 נפצע בינוני מדקירה בראשון לציון - וואלה!&body=%0D%0A לקריאת הכתבה:%0D%0Ahttps%3A%2F%2Fnews.walla.co.il%2Fitem%2F3323972%3Futm_campaign%3Dsocialbutton%26utm_content%3Dmail%26utm_medium%3Dsharebutton%26utm_source%3Dmail%26utm_term%3Dsocial
mailto:?subject=היורה בתיכון בקליפורניה: "נער צופים" שחגג 16 - וריסס את חבריו - וואלה!&body=%0D%0A לקריאת הכתבה:%0D%0Ahttps%3A%2F%2Fnews.walla.co.il%2Fitem%2F3323966%3Futm_campaign%3Dsocialbutton%26utm_content%3Dmail%26utm_medium%3Dsharebutton%26utm_source%3Dmail%26utm_term%3Dsocial
mailto:?subject=סוף עידן מוראלס: מגדל הקוקה שנאבק בעוני והשתכר מהכוח - וואלה!&body=%0D%0A לקריאת הכתבה:%0D%0Ahttps%3A%2F%2Fnews.walla.co.il%2Fitem%2F3322865%3Futm_campaign%3Dsocialbutton%26utm_content%3Dmail%26utm_medium%3Dsharebutton%26utm_source%3Dmail%26utm_term%3Dsocial
mailto:?subject=נוחרים וסובלים מדום נשימה? ארבעה מכשירים שיעניקו לכם שינה איכותית - וואלה!&body=%0D%0A לקריאת הכתבה:%0D%0Ahttp%3A%2F%2Ftld.walla.co.il%2Fitem%2F3222767%3Futm_campaign%3Dsocialbutton%26utm_content%3Dmail%26utm_medium%3Dsharebutton%26utm_source%3Dmail%26utm_term%3Dsocial
mailto:?subject=שגרירת אוקראינה לשעבר העידה: "חשתי המומה משיחת טראמפ-זלנסקי" - וואלה!&body=%0D%0A לקריאת הכתבה:%0D%0Ahttps%3A%2F%2Fnews.walla.co.il%2Fitem%2F3323952%3Futm_campaign%3Dsocialbutton%26utm_content%3Dmail%26utm_medium%3Dsharebutton%26utm_source%3Dmail%26utm_term%3Dsocial
mailto:?subject=מתנה לג'ונסון לפני הבחירות: מפלגת ברקזיט לא תתחרה על מושבי השמרנים - וואלה!&body=%0D%0A לקריאת הכתבה:%0D%0Ahttps%3A%2F%2Fnews.walla.co.il%2Fitem%2F3323043%3Futm_campaign%3Dsocialbutton%26utm_content%3Dmail%26utm_medium%3Dsharebutton%26utm_source%3Dmail%26utm_term%3Dsocial
mailto:?subject=אחד ממייסדי הקסדות הלבנות נמצא מת באיסטנבול - וואלה!&body=%0D%0A לקריאת הכתבה:%0D%0Ahttps%3A%2F%2Fnews.walla.co.il%2Fitem%2F3322960%3Futm_campaign%3Dsocialbutton%26utm_content%3Dmail%26utm_medium%3Dsharebutton%26utm_source%3Dmail%26utm_term%3Dsocial
mailto:?subject=צלב קרס רוסס על אמבולנס מד"א בתל אביב: "מעשה נפשע ודוחה" - וואלה!&body=%0D%0A לקריאת הכתבה:%0D%0Ahttps%3A%2F%2Fnews.walla.co.il%2Fitem%2F3323978%3Futm_campaign%3Dsocialbutton%26utm_content%3Dmail%26utm_medium%3Dsharebutton%26utm_source%3Dmail%26utm_term%3Dsocial
mailto:?subject=לטובת סיוע לנזקקים: איראן הציגה את קיצוב הדלק החדש והעלתה את מחירו - וואלה!&body=%0D%0A לקריאת הכתבה:%0D%0Ahttps%3A%2F%2Fnews.walla.co.il%2Fitem%2F3323980%3Futm_campaign%3Dsocialbutton%26utm_content%3Dmail%26utm_medium%3Dsharebutton%26utm_source%3Dmail%26utm_term%3Dsocial
mailto:?subject=שבת סוערת: גשם מקומי במרכז ובדרום וסופות רעמים וברקים - וואלה!&body=%0D%0A לקריאת הכתבה:%0D%0Ahttps%3A%2F%2Fnews.walla.co.il%2Fitem%2F3323999%3Futm_campaign%3Dsocialbutton%26utm_content%3Dmail%26utm_medium%3Dsharebutton%26utm_source%3Dmail%26utm_term%3Dsocial
mailto:?subject=לרזות עם הדיאטה שנבחרה 8 שנים ברציפות לטובה בעולם - בליווי קבוצה פעילה ותומכת - וואלה!&body=%0D%0A לקריאת הכתבה:%0D%0Ahttp%3A%2F%2Ftld.walla.co.il%2Fitem%2F3246825%3Futm_campaign%3Dsocialbutton%26utm_content%3Dmail%26utm_medium%3Dsharebutton%26utm_source%3Dmail%26utm_term%3Dsocial
mailto:?subject=המצאה חדשנית לסובלים מדורבן וכאבי עקב - וואלה!&body=%0D%0A לקריאת הכתבה:%0D%0Ahttp%3A%2F%2Ftld.walla.co.il%2Fitem%2F3024690%3Futm_campaign%3Dsocialbutton%26utm_content%3Dmail%26utm_medium%3Dsharebutton%26utm_source%3Dmail%26utm_term%3Dsocial
mailto:?subject=מפחיד: נצפה "איש הכלב" שמטיל טרור וטורף חיות ברחבי ארה"ב - וואלה!&body=%0D%0A לקריאת הכתבה:%0D%0Ahttps%3A%2F%2Fnews.walla.co.il%2Fitem%2F3322696%3Futm_campaign%3Dsocialbutton%26utm_content%3Dmail%26utm_medium%3Dsharebutton%26utm_source%3Dmail%26utm_term%3Dsocial
mailto:?subject=פתרון לכאבים בכפות הרגליים, הברכיים והגב - או שכספכם יוחזר - וואלה!&body=%0D%0A לקריאת הכתבה:%0D%0Ahttp%3A%2F%2Ftld.walla.co.il%2Fitem%2F3249034%3Futm_campaign%3Dsocialbutton%26utm_content%3Dmail%26utm_medium%3Dsharebutton%26utm_source%3Dmail%26utm_term%3Dsocial
mailto:?subject=שעת עבודה ביום - 15 אלף שקל בסוף החודש: "משתלם להיות פורץ" - וואלה!&body=%0D%0A לקריאת הכתבה:%0D%0Ahttp%3A%2F%2Ftld.walla.co.il%2Fitem%2F3251652%3Futm_campaign%3Dsocialbutton%26utm_content%3Dmail%26utm_medium%3Dsharebutton%26utm_source%3Dmail%26utm_term%3Dsocial
mailto:?subject=השמנה היא ממש לא עניין של בחירה - ויש מה לעשות נגדה - וואלה!&body=%0D%0A לקריאת הכתבה:%0D%0Ahttp%3A%2F%2Ftld.walla.co.il%2Fitem%2F3238593%3Futm_campaign%3Dsocialbutton%26utm_content%3Dmail%26utm_medium%3Dsharebutton%26utm_source%3Dmail%26utm_term%3Dsocial
mailto:?subject=חתול הושם בבידוד כי הבריח את החתולים האחרים מכלוביהם - שוב ושוב ושוב - וואלה!&body=%0D%0A לקריאת הכתבה:%0D%0Ahttps%3A%2F%2Fnews.walla.co.il%2Fitem%2F3323237%3Futm_campaign%3Dsocialbutton%26utm_content%3Dmail%26utm_medium%3Dsharebutton%26utm_source%3Dmail%26utm_term%3Dsocial
mailto:?subject=האישה שמאוהבת במטוס בואינג מספרת: "הקשר שלנו הוא גם פיזי" - וואלה!&body=%0D%0A לקריאת הכתבה:%0D%0Ahttps%3A%2F%2Ftravel.walla.co.il%2Fitem%2F3318005%3Futm_campaign%3Dsocialbutton%26utm_content%3Dmail%26utm_medium%3Dsharebutton%26utm_source%3Dmail%26utm_term%3Dsocial
mailto:?subject=44 נקודות להארדן מול אינדיאנה, OKC גברה על פילדלפיה - וואלה!&body=%0D%0A לקריאת הכתבה:%0D%0Ahttps%3A%2F%2Fsports.walla.co.il%2Fitem%2F3324002%3Futm_campaign%3Dsocialbutton%26utm_content%3Dmail%26utm_medium%3Dsharebutton%26utm_source%3Dmail%26utm_term%3Dsocial
mailto:?subject=המאסטרו: יאניס ספרופולוס מנצח על התזמורת שהיא מכבי תל אביב - וואלה!&body=%0D%0A לקריאת הכתבה:%0D%0Ahttps%3A%2F%2Fsports.walla.co.il%2Fitem%2F3323956%3Futm_campaign%3Dsocialbutton%26utm_content%3Dmail%26utm_medium%3Dsharebutton%26utm_source%3Dmail%26utm_term%3Dsocial
mailto:?subject=מתי לא משחקים פה? הפיתרון לבלאגן בלוח המשחקים בליגת העל בכדורסל - וואלה!&body=%0D%0A לקריאת הכתבה:%0D%0Ahttps%3A%2F%2Fsports.walla.co.il%2Fitem%2F3323942%3Futm_campaign%3Dsocialbutton%26utm_content%3Dmail%26utm_medium%3Dsharebutton%26utm_source%3Dmail%26utm_term%3Dsocial
mailto:?subject=יורוליג: צסק"א מוסקבה הביסה את פנרבחצ'ה, ז'ליקו אוברדוביץ' קילל את שחקניו - וואלה!&body=%0D%0A לקריאת הכתבה:%0D%0Ahttps%3A%2F%2Fsports.walla.co.il%2Fitem%2F3323846%3Futm_campaign%3Dsocialbutton%26utm_content%3Dmail%26utm_medium%3Dsharebutton%26utm_source%3Dmail%26utm_term%3Dsocial
mailto:?subject=ידידות: נבחרת ארגנטינה ניצחה את נבחרת ברזיל 0:1 - וואלה!&body=%0D%0A לקריאת הכתבה:%0D%0Ahttps%3A%2F%2Fsports.walla.co.il%2Fitem%2F3323958%3Futm_campaign%3Dsocialbutton%26utm_content%3Dmail%26utm_medium%3Dsharebutton%26utm_source%3Dmail%26utm_term%3Dsocial
mailto:?subject=מוקדמות היורו: שבדיה עלתה ושלחה את ישראל לפלייאוף - וואלה!&body=%0D%0A לקריאת הכתבה:%0D%0Ahttps%3A%2F%2Fsports.walla.co.il%2Fitem%2F3323853%3Futm_campaign%3Dsocialbutton%26utm_content%3Dmail%26utm_medium%3Dsharebutton%26utm_source%3Dmail%26utm_term%3Dsocial
mailto:?subject=מה ההבדל בין ניסוי מדעי לניסוי פוליטי? "נתיב 2+" מדגים לנו - וואלה!&body=%0D%0A לקריאת הכתבה:%0D%0Ahttps%3A%2F%2Ffinance.walla.co.il%2Fitem%2F3323731%3Futm_campaign%3Dsocialbutton%26utm_content%3Dmail%26utm_medium%3Dsharebutton%26utm_source%3Dmail%26utm_term%3Dsocial
mailto:?subject=60 יח"ד לדונם ומגדלים: נחשפה תוכנית קרית אליעזר בחיפה - וואלה!&body=%0D%0A לקריאת הכתבה:%0D%0Ahttps%3A%2F%2Fnadlan.walla.co.il%2Fitem%2F3323410%3Futm_campaign%3Dsocialbutton%26utm_content%3Dmail%26utm_medium%3Dsharebutton%26utm_source%3Dmail%26utm_term%3Dsocial
mailto:?subject="שכל נהג יעשה לעצמו את החשבון איפה משתלם לו לעבוד" - וואלה!&body=%0D%0A לקריאת הכתבה:%0D%0Ahttps%3A%2F%2Ffinance.walla.co.il%2Fitem%2F3323765%3Futm_campaign%3Dsocialbutton%26utm_content%3Dmail%26utm_medium%3Dsharebutton%26utm_source%3Dmail%26utm_term%3Dsocial
mailto:?subject="אני לא מבינה למה לא רוצחים את לה-פן" - וואלה!&body=%0D%0A לקריאת הכתבה:%0D%0Ahttps%3A%2F%2Fe.walla.co.il%2Fitem%2F3323844%3Futm_campaign%3Dsocialbutton%26utm_content%3Dmail%26utm_medium%3Dsharebutton%26utm_source%3Dmail%26utm_term%3Dsocial
mailto:?subject=תמ"א 38: גם מרתף חניה אינו זכאי לפטור מהיטל השבחה - וואלה!&body=%0D%0A לקריאת הכתבה:%0D%0Ahttps%3A%2F%2Fnadlan.walla.co.il%2Fitem%2F3323755%3Futm_campaign%3Dsocialbutton%26utm_content%3Dmail%26utm_medium%3Dsharebutton%26utm_source%3Dmail%26utm_term%3Dsocial
mailto:?subject="אי אפשר לחקות את ת"א": הסיכון וההזדמנות במהפכת הפינוי-בינוי - וואלה!&body=%0D%0A לקריאת הכתבה:%0D%0Ahttp%3A%2F%2Fnadlan-center.walla.co.il%2Fitem%2F3319550%3Futm_campaign%3Dsocialbutton%26utm_content%3Dmail%26utm_medium%3Dsharebutton%26utm_source%3Dmail%26utm_term%3Dsocial
mailto:?subject=יהונתן גפן ואביב גפן הופיעו בזה אחר זה בפסטיבל הפסנתר. דווקא הגפן השלישי גנב את ההצגה - וואלה!&body=%0D%0A לקריאת הכתבה:%0D%0Ahttps%3A%2F%2Fe.walla.co.il%2Fitem%2F3323909%3Futm_campaign%3Dsocialbutton%26utm_content%3Dmail%26utm_medium%3Dsharebutton%26utm_source%3Dmail%26utm_term%3Dsocial
mailto:?subject=סל הבטוחות שעשוי לאפשר ליזם לקבל מימון חוץ בנקאי - וואלה!&body=%0D%0A לקריאת הכתבה:%0D%0Ahttp%3A%2F%2Fnadlan-center.walla.co.il%2Fitem%2F3321388%3Futm_campaign%3Dsocialbutton%26utm_content%3Dmail%26utm_medium%3Dsharebutton%26utm_source%3Dmail%26utm_term%3Dsocial
mailto:?subject=חוק חדלות פירעון ושיקום כלכלי - כל מה שצריך לדעת - וואלה!&body=%0D%0A לקריאת הכתבה:%0D%0Ahttp%3A%2F%2Flaw.walla.co.il%2Fitem%2F3319998%3Futm_campaign%3Dsocialbutton%26utm_content%3Dmail%26utm_medium%3Dsharebutton%26utm_source%3Dmail%26utm_term%3Dsocial
mailto:?subject=אנרגיות מתחדשות? כדאי שנטפל גם בבזבוז החשמל ברשת עצמה - וואלה!&body=%0D%0A לקריאת הכתבה:%0D%0Ahttps%3A%2F%2Ffinance.walla.co.il%2Fitem%2F3323748%3Futm_campaign%3Dsocialbutton%26utm_content%3Dmail%26utm_medium%3Dsharebutton%26utm_source%3Dmail%26utm_term%3Dsocial
mailto:?subject=כשקורין אלאל הגיעה, ההופעה של הילה רוח הפכה מטובה לאירוע של ממש - וואלה!&body=%0D%0A לקריאת הכתבה:%0D%0Ahttps%3A%2F%2Fe.walla.co.il%2Fitem%2F3323940%3Futm_campaign%3Dsocialbutton%26utm_content%3Dmail%26utm_medium%3Dsharebutton%26utm_source%3Dmail%26utm_term%3Dsocial
mailto:?subject=אל תוותרו: יכול להיות שמגיע לכם פטור ממס הכנסה מסיבות רפואיות - וואלה!&body=%0D%0A לקריאת הכתבה:%0D%0Ahttp%3A%2F%2Flaw.walla.co.il%2Fitem%2F3244727%3Futm_campaign%3Dsocialbutton%26utm_content%3Dmail%26utm_medium%3Dsharebutton%26utm_source%3Dmail%26utm_term%3Dsocial
mailto:?subject=פלאשבק: קים קרדשיאן נזכרת כמה נהנתה בעירום! - וואלה!&body=%0D%0A לקריאת הכתבה:%0D%0Ahttps%3A%2F%2Fcelebs.walla.co.il%2Fitem%2F3323710%3Futm_campaign%3Dsocialbutton%26utm_content%3Dmail%26utm_medium%3Dsharebutton%26utm_source%3Dmail%26utm_term%3Dsocial
mailto:?subject=פעם שלישית גלידה! ליהיא גרינר ילדה בת - וואלה!&body=%0D%0A לקריאת הכתבה:%0D%0Ahttps%3A%2F%2Fcelebs.walla.co.il%2Fitem%2F3323793%3Futm_campaign%3Dsocialbutton%26utm_content%3Dmail%26utm_medium%3Dsharebutton%26utm_source%3Dmail%26utm_term%3Dsocial
mailto:?subject=הרשימה: דניאל גרינברג, תלמדי מאופירה ורוסלנה - וואלה!&body=%0D%0A לקריאת הכתבה:%0D%0Ahttps%3A%2F%2Fcelebs.walla.co.il%2Fitem%2F3323764%3Futm_campaign%3Dsocialbutton%26utm_content%3Dmail%26utm_medium%3Dsharebutton%26utm_source%3Dmail%26utm_term%3Dsocial
mailto:?subject=האקסית של הכוכב הענק שמספרת שהוא אבא רע - וואלה!&body=%0D%0A לקריאת הכתבה:%0D%0Ahttps%3A%2F%2Fcelebs.walla.co.il%2Fitem%2F3322982%3Futm_campaign%3Dsocialbutton%26utm_content%3Dmail%26utm_medium%3Dsharebutton%26utm_source%3Dmail%26utm_term%3Dsocial
mailto:?subject=לראשונה: זכות הצבעה לישראלים - בבחירות בפורטוגל - וואלה!&body=%0D%0A לקריאת הכתבה:%0D%0Ahttp%3A%2F%2Flaw.walla.co.il%2Fitem%2F3316141%3Futm_campaign%3Dsocialbutton%26utm_content%3Dmail%26utm_medium%3Dsharebutton%26utm_source%3Dmail%26utm_term%3Dsocial
mailto:?subject=חלה לשבת: קייטי פרי בתסרוקת הזויה ועוד לוקים שחובה להתעכב עליהם - וואלה!&body=%0D%0A לקריאת הכתבה:%0D%0Ahttps%3A%2F%2Ffashion.walla.co.il%2Fitem%2F3322852%3Futm_campaign%3Dsocialbutton%26utm_content%3Dmail%26utm_medium%3Dsharebutton%26utm_source%3Dmail%26utm_term%3Dsocial
mailto:?subject="החלום שלי הוא להיות היחיד בעולם שמייצר נעליים": סטיב מאדן חוגג 30 למותג - וואלה!&body=%0D%0A לקריאת הכתבה:%0D%0Ahttps%3A%2F%2Ffashion.walla.co.il%2Fitem%2F3323565%3Futm_campaign%3Dsocialbutton%26utm_content%3Dmail%26utm_medium%3Dsharebutton%26utm_source%3Dmail%26utm_term%3Dsocial
mailto:?subject=מחפשים טיול אתגרי אבל בכל זאת רוצים להיות מאובטחים? צאו לטייל בדרך הברזל - וואלה!&body=%0D%0A לקריאת הכתבה:%0D%0Ahttp%3A%2F%2Ffamilyguide9.walla.co.il%2Fitem%2F3320483%3Futm_campaign%3Dsocialbutton%26utm_content%3Dmail%26utm_medium%3Dsharebutton%26utm_source%3Dmail%26utm_term%3Dsocial
mailto:?subject=כל מה שצריך לדעת לפני שמתקינים בבית מעלון כסא - וואלה!&body=%0D%0A לקריאת הכתבה:%0D%0Ahttp%3A%2F%2Ffamilyguide9.walla.co.il%2Fitem%2F3321896%3Futm_campaign%3Dsocialbutton%26utm_content%3Dmail%26utm_medium%3Dsharebutton%26utm_source%3Dmail%26utm_term%3Dsocial
mailto:?subject="כנפי רוח": כאן תמצאו קהילה לאנשים עם נכויות פיזיות מורכבות - וואלה!&body=%0D%0A לקריאת הכתבה:%0D%0Ahttp%3A%2F%2Ffamilyguide9.walla.co.il%2Fitem%2F3320270%3Futm_campaign%3Dsocialbutton%26utm_content%3Dmail%26utm_medium%3Dsharebutton%26utm_source%3Dmail%26utm_term%3Dsocial
mailto:?subject=חפשו אותנו בספארי: הטרנד המזובר הדיח את המנומר מפסגת הסטייל - וואלה!&body=%0D%0A לקריאת הכתבה:%0D%0Ahttps%3A%2F%2Ffashion.walla.co.il%2Fitem%2F3323177%3Futm_campaign%3Dsocialbutton%26utm_content%3Dmail%26utm_medium%3Dsharebutton%26utm_source%3Dmail%26utm_term%3Dsocial
mailto:?subject=חמוד כאן, בקטע טוב - וואלה!&body=%0D%0A לקריאת הכתבה:%0D%0Ahttps%3A%2F%2Ffood.walla.co.il%2Fitem%2F3323201%3Futm_campaign%3Dsocialbutton%26utm_content%3Dmail%26utm_medium%3Dsharebutton%26utm_source%3Dmail%26utm_term%3Dsocial
mailto:?subject=פנקייק קל להכנה - וואלה!&body=%0D%0A לקריאת הכתבה:%0D%0Ahttps%3A%2F%2Ffood.walla.co.il%2Frecipe%2F641210%3Futm_campaign%3Dsocialbutton%26utm_content%3Dmail%26utm_medium%3Dsharebutton%26utm_source%3Dmail%26utm_term%3Dsocial
mailto:?subject=זה לא שישי בלי עוגת שיש - וואלה!&body=%0D%0A לקריאת הכתבה:%0D%0Ahttps%3A%2F%2Ffood.walla.co.il%2Fitem%2F3322681%3Futm_campaign%3Dsocialbutton%26utm_content%3Dmail%26utm_medium%3Dsharebutton%26utm_source%3Dmail%26utm_term%3Dsocial
mailto:?subject=עוגת שיש - וואלה!&body=%0D%0A לקריאת הכתבה:%0D%0Ahttps%3A%2F%2Ffood.walla.co.il%2Frecipe%2F653665%3Futm_campaign%3Dsocialbutton%26utm_content%3Dmail%26utm_medium%3Dsharebutton%26utm_source%3Dmail%26utm_term%3Dsocial
mailto:?subject=החברה הגאונה בישראל - בגרסת הגורמה האיטלקית - וואלה!&body=%0D%0A לקריאת הכתבה:%0D%0Ahttp%3A%2F%2Fitalyweek.walla.co.il%2Fitem%2F3322698%3Futm_campaign%3Dsocialbutton%26utm_content%3Dmail%26utm_medium%3Dsharebutton%26utm_source%3Dmail%26utm_term%3Dsocial
mailto:?subject=זה לוהט וזה מושלם: כרעיים צרובות עם ירקות - וואלה!&body=%0D%0A לקריאת הכתבה:%0D%0Ahttps%3A%2F%2Ffood.walla.co.il%2Fitem%2F3322040%3Futm_campaign%3Dsocialbutton%26utm_content%3Dmail%26utm_medium%3Dsharebutton%26utm_source%3Dmail%26utm_term%3Dsocial
mailto:?subject=כרעיים צרובות עם ירקות - וואלה!&body=%0D%0A לקריאת הכתבה:%0D%0Ahttps%3A%2F%2Ffood.walla.co.il%2Frecipe%2F653663%3Futm_campaign%3Dsocialbutton%26utm_content%3Dmail%26utm_medium%3Dsharebutton%26utm_source%3Dmail%26utm_term%3Dsocial
mailto:?subject=חמישה טיפים מנצחים שיעזרו לכם לבקש העלאה בשכר - וואלה!&body=%0D%0A לקריאת הכתבה:%0D%0Ahttp%3A%2F%2Fcareer.walla.co.il%2Fitem%2F3316114%3Futm_campaign%3Dsocialbutton%26utm_content%3Dmail%26utm_medium%3Dsharebutton%26utm_source%3Dmail%26utm_term%3Dsocial
mailto:?subject=חושבים שאתם מבינים בכסף? עכשיו תוכלו לעשות מזה קריירה - וואלה!&body=%0D%0A לקריאת הכתבה:%0D%0Ahttp%3A%2F%2Fcareer.walla.co.il%2Fitem%2F3319386%3Futm_campaign%3Dsocialbutton%26utm_content%3Dmail%26utm_medium%3Dsharebutton%26utm_source%3Dmail%26utm_term%3Dsocial
mailto:?subject=זו הסיבה לכך שאתם צריכים לאכול ארוחת ערב לפני השעה שש - וואלה!&body=%0D%0A לקריאת הכתבה:%0D%0Ahttps%3A%2F%2Fhealthy.walla.co.il%2Fitem%2F3323179%3Futm_campaign%3Dsocialbutton%26utm_content%3Dmail%26utm_medium%3Dsharebutton%26utm_source%3Dmail%26utm_term%3Dsocial
mailto:?subject=ההסבר המדעי מאחורי 9 התופעות הכי מוזרות של הגוף שלנו - וואלה!&body=%0D%0A לקריאת הכתבה:%0D%0Ahttps%3A%2F%2Fhealthy.walla.co.il%2Fitem%2F3323487%3Futm_campaign%3Dsocialbutton%26utm_content%3Dmail%26utm_medium%3Dsharebutton%26utm_source%3Dmail%26utm_term%3Dsocial
mailto:?subject="זורמים" בעבודה ולא מנהלים קריירה? כך תתחילו לבנות את עצמכם - וואלה!&body=%0D%0A לקריאת הכתבה:%0D%0Ahttp%3A%2F%2Fcareer.walla.co.il%2Fitem%2F3320311%3Futm_campaign%3Dsocialbutton%26utm_content%3Dmail%26utm_medium%3Dsharebutton%26utm_source%3Dmail%26utm_term%3Dsocial
mailto:?subject=אמא עלתה בטעות על טריק מגבונים ששינה לה את החיים - וואלה!&body=%0D%0A לקריאת הכתבה:%0D%0Ahttps%3A%2F%2Fhealthy.walla.co.il%2Fitem%2F3323117%3Futm_campaign%3Dsocialbutton%26utm_content%3Dmail%26utm_medium%3Dsharebutton%26utm_source%3Dmail%26utm_term%3Dsocial
mailto:?subject=כך משפיע הסטרס על עור הפנים שלנו, והדרכים להתמודד עם זה - וואלה!&body=%0D%0A לקריאת הכתבה:%0D%0Ahttps%3A%2F%2Fhealthy.walla.co.il%2Fitem%2F3323592%3Futm_campaign%3Dsocialbutton%26utm_content%3Dmail%26utm_medium%3Dsharebutton%26utm_source%3Dmail%26utm_term%3Dsocial
mailto:?subject=סיירת הניקיון של הבית: המדריך השלם לשימוש בשואב האבק שלכם - וואלה!&body=%0D%0A לקריאת הכתבה:%0D%0Ahttp%3A%2F%2Fgo-search.walla.co.il%2Fitem%2F3316778%3Futm_campaign%3Dsocialbutton%26utm_content%3Dmail%26utm_medium%3Dsharebutton%26utm_source%3Dmail%26utm_term%3Dsocial
mailto:?subject=עדיין מחפשת? כנראה שתמונת הפרופיל פוגעת בחיי האהבה שלך - וואלה!&body=%0D%0A לקריאת הכתבה:%0D%0Ahttp%3A%2F%2Fwww.sheee.co.il%2Fitem%2F3319664%3Futm_campaign%3Dsocialbutton%26utm_content%3Dmail%26utm_medium%3Dsharebutton%26utm_source%3Dmail%26utm_term%3Dsocial
mailto:?subject=האם הריון של בנים באמת קשה יותר מהריון של בנות? - וואלה!&body=%0D%0A לקריאת הכתבה:%0D%0Ahttps%3A%2F%2Fhealthy.walla.co.il%2Fitem%2F3323477%3Futm_campaign%3Dsocialbutton%26utm_content%3Dmail%26utm_medium%3Dsharebutton%26utm_source%3Dmail%26utm_term%3Dsocial
mailto:?subject=הורים, בואו לבדוק אם אתם יודעים מה לעשות בשעת חירום - וואלה!&body=%0D%0A לקריאת הכתבה:%0D%0Ahttps%3A%2F%2Fhealthy.walla.co.il%2Fitem%2F3323229%3Futm_campaign%3Dsocialbutton%26utm_content%3Dmail%26utm_medium%3Dsharebutton%26utm_source%3Dmail%26utm_term%3Dsocial
mailto:?subject=בשקט בשקט הצעירים האלה משנים את ישראל - וואלה!&body=%0D%0A לקריאת הכתבה:%0D%0Ahttps%3A%2F%2Ffinance.walla.co.il%2Fitem%2F3316731%3Futm_campaign%3Dsocialbutton%26utm_content%3Dmail%26utm_medium%3Dsharebutton%26utm_source%3Dmail%26utm_term%3Dsocial
mailto:?subject=מגמגמת אבל מאיימת: ההשקה המורכבת של דיסני פלוס - וואלה!&body=%0D%0A לקריאת הכתבה:%0D%0Ahttps%3A%2F%2Ftech.walla.co.il%2Fitem%2F3323823%3Futm_campaign%3Dsocialbutton%26utm_content%3Dmail%26utm_medium%3Dsharebutton%26utm_source%3Dmail%26utm_term%3Dsocial
mailto:?subject=צפינו עם המסך OLED של LG ולא הבנו איך חוזרים לצפות במסך רגיל - וואלה!&body=%0D%0A לקריאת הכתבה:%0D%0Ahttps%3A%2F%2Ftech.walla.co.il%2Fitem%2F3319250%3Futm_campaign%3Dsocialbutton%26utm_content%3Dmail%26utm_medium%3Dsharebutton%26utm_source%3Dmail%26utm_term%3Dsocial
mailto:?subject=החברה שמחברת את מוצרי החשמל לסמארטפון שלכם - וואלה!&body=%0D%0A לקריאת הכתבה:%0D%0Ahttp%3A%2F%2Fitsuvina.walla.co.il%2Fitem%2F3319677%3Futm_campaign%3Dsocialbutton%26utm_content%3Dmail%26utm_medium%3Dsharebutton%26utm_source%3Dmail%26utm_term%3Dsocial
mailto:?subject="נשים זה לא רק ציצי": קופת חולים כללית עשתה סדרת רשת שהתפוצצה לה בפרצוף - וואלה!&body=%0D%0A לקריאת הכתבה:%0D%0Ahttps%3A%2F%2Ftech.walla.co.il%2Fitem%2F3323744%3Futm_campaign%3Dsocialbutton%26utm_content%3Dmail%26utm_medium%3Dsharebutton%26utm_source%3Dmail%26utm_term%3Dsocial
mailto:?subject=פנטזיה באמבטיה: המעצבים שהוזמנו להגשים את החלום הגדול שלהם - וואלה!&body=%0D%0A לקריאת הכתבה:%0D%0Ahttp%3A%2F%2Fitsuvina.walla.co.il%2Fitem%2F3321646%3Futm_campaign%3Dsocialbutton%26utm_content%3Dmail%26utm_medium%3Dsharebutton%26utm_source%3Dmail%26utm_term%3Dsocial
mailto:?subject=יופי מהטבע: למה כדאי להשתמש בציפוי אבן טבעית? - וואלה!&body=%0D%0A לקריאת הכתבה:%0D%0Ahttp%3A%2F%2Fitsuvina.walla.co.il%2Fitem%2F3319540%3Futm_campaign%3Dsocialbutton%26utm_content%3Dmail%26utm_medium%3Dsharebutton%26utm_source%3Dmail%26utm_term%3Dsocial
mailto:?subject=ארדואן רוצה "לחלוב" אתכם: טורקיה מטילה מס חדש על תיירים - וואלה!&body=%0D%0A לקריאת הכתבה:%0D%0Ahttps%3A%2F%2Ftravel.walla.co.il%2Fitem%2F3323859%3Futm_campaign%3Dsocialbutton%26utm_content%3Dmail%26utm_medium%3Dsharebutton%26utm_source%3Dmail%26utm_term%3Dsocial
mailto:?subject=חלום בקרוז קונטרול - וואלה!&body=%0D%0A לקריאת הכתבה:%0D%0Ahttps%3A%2F%2Ftravel.walla.co.il%2Fitem%2F3322987%3Futm_campaign%3Dsocialbutton%26utm_content%3Dmail%26utm_medium%3Dsharebutton%26utm_source%3Dmail%26utm_term%3Dsocial
mailto:?subject=רודפי הנדנדות - וואלה!&body=%0D%0A לקריאת הכתבה:%0D%0Ahttps%3A%2F%2Ftravel.walla.co.il%2Fitem%2F3323501%3Futm_campaign%3Dsocialbutton%26utm_content%3Dmail%26utm_medium%3Dsharebutton%26utm_source%3Dmail%26utm_term%3Dsocial
mailto:?subject=נהיגה ראשונה: רנו קפצור - וואלה!&body=%0D%0A לקריאת הכתבה:%0D%0Ahttps%3A%2F%2Fcars.walla.co.il%2Fitem%2F3323677%3Futm_campaign%3Dsocialbutton%26utm_content%3Dmail%26utm_medium%3Dsharebutton%26utm_source%3Dmail%26utm_term%3Dsocial
mailto:?subject="צבע אדום" בנהיגה: 5 טיפים מצילי חיים - וואלה!&body=%0D%0A לקריאת הכתבה:%0D%0Ahttps%3A%2F%2Fcars.walla.co.il%2Fitem%2F3323399%3Futm_campaign%3Dsocialbutton%26utm_content%3Dmail%26utm_medium%3Dsharebutton%26utm_source%3Dmail%26utm_term%3Dsocial
mailto:?subject=איזה ייאוש: הנה הסיבה בגללה את לא מוצאת זוגיות - וואלה!&body=%0D%0A לקריאת הכתבה:%0D%0Ahttp%3A%2F%2Fwww.sheee.co.il%2Fitem%2F3318368%3Futm_campaign%3Dsocialbutton%26utm_content%3Dmail%26utm_medium%3Dsharebutton%26utm_source%3Dmail%26utm_term%3Dsocial
mailto:?subject=סקודה אוקטביה החדשה. אצלנו בסוף 2020 - וואלה!&body=%0D%0A לקריאת הכתבה:%0D%0Ahttps%3A%2F%2Fcars.walla.co.il%2Fitem%2F3323225%3Futm_campaign%3Dsocialbutton%26utm_content%3Dmail%26utm_medium%3Dsharebutton%26utm_source%3Dmail%26utm_term%3Dsocial
mailto:?subject=המשימה האיטלקית שקיבלו המסעדות בתל אביב - וואלה!&body=%0D%0A לקריאת הכתבה:%0D%0Ahttp%3A%2F%2Fitalyweek.walla.co.il%2Fitem%2F3322092%3Futm_campaign%3Dsocialbutton%26utm_content%3Dmail%26utm_medium%3Dsharebutton%26utm_source%3Dmail%26utm_term%3Dsocial
mailto:?subject=חשמל זה השחור החדש - וואלה!&body=%0D%0A לקריאת הכתבה:%0D%0Ahttps%3A%2F%2Fcars.walla.co.il%2Fitem%2F3322910%3Futm_campaign%3Dsocialbutton%26utm_content%3Dmail%26utm_medium%3Dsharebutton%26utm_source%3Dmail%26utm_term%3Dsocial
mailto:?subject=כך תעשו זאת: הדרך הנכונה להפשיר מזון - וואלה!&body=%0D%0A לקריאת הכתבה:%0D%0Ahttps%3A%2F%2Ffood.walla.co.il%2Fitem%2F3321263%3Futm_campaign%3Dsocialbutton%26utm_content%3Dmail%26utm_medium%3Dsharebutton%26utm_source%3Dmail%26utm_term%3Dsocial
mailto:?subject=מתחילים להתעמל? 5 דברים שכדאי להצטייד בהם כדי להזריק מוטיבציה - וואלה!&body=%0D%0A לקריאת הכתבה:%0D%0Ahttps%3A%2F%2Fhealthy.walla.co.il%2Fitem%2F3314841%3Futm_campaign%3Dsocialbutton%26utm_content%3Dmail%26utm_medium%3Dsharebutton%26utm_source%3Dmail%26utm_term%3Dsocial
mailto:?subject=פסנתר כנף ומטבח ענק: הצצה לבית של כריסי טיגן וג'ון לג'נד - וואלה!&body=%0D%0A לקריאת הכתבה:%0D%0Ahttps%3A%2F%2Fhome.walla.co.il%2Fitem%2F3322861%3Futm_campaign%3Dsocialbutton%26utm_content%3Dmail%26utm_medium%3Dsharebutton%26utm_source%3Dmail%26utm_term%3Dsocial
mailto:?subject=השיטה המהירה והגאונית לקיפול חולצות הפכה גבר מתלהב לכוכב רשת - וואלה!&body=%0D%0A לקריאת הכתבה:%0D%0Ahttps%3A%2F%2Fhome.walla.co.il%2Fitem%2F3322345%3Futm_campaign%3Dsocialbutton%26utm_content%3Dmail%26utm_medium%3Dsharebutton%26utm_source%3Dmail%26utm_term%3Dsocial
mailto:?subject=מתחת לאדמה: המרתף כבר מזמן לא רק מחסן - אלא חלל עיצובי משגע - וואלה!&body=%0D%0A לקריאת הכתבה:%0D%0Ahttps%3A%2F%2Fhome.walla.co.il%2Fitem%2F3322909%3Futm_campaign%3Dsocialbutton%26utm_content%3Dmail%26utm_medium%3Dsharebutton%26utm_source%3Dmail%26utm_term%3Dsocial
mailto:?subject=התוכנית שתראה לכם מהם הטרנדים הלוהטים בעולם העיצוב - וואלה!&body=%0D%0A לקריאת הכתבה:%0D%0Ahttps%3A%2F%2Fhome.walla.co.il%2Fitem%2F3321414%3Futm_campaign%3Dsocialbutton%26utm_content%3Dmail%26utm_medium%3Dsharebutton%26utm_source%3Dmail%26utm_term%3Dsocial
mailto:?subject=הפתרון המבריק, החסכוני והנעים ביותר לחימום הבית בחורף - וואלה!&body=%0D%0A לקריאת הכתבה:%0D%0Ahttps%3A%2F%2Fhome.walla.co.il%2Fitem%2F3310421%3Futm_campaign%3Dsocialbutton%26utm_content%3Dmail%26utm_medium%3Dsharebutton%26utm_source%3Dmail%26utm_term%3Dsocial
mailto:?subject="האיטלקים מתלהבים מהיקב שלנו, הפכנו למודל" - וואלה!&body=%0D%0A לקריאת הכתבה:%0D%0Ahttp%3A%2F%2Fitalyweek.walla.co.il%2Fitem%2F3322209%3Futm_campaign%3Dsocialbutton%26utm_content%3Dmail%26utm_medium%3Dsharebutton%26utm_source%3Dmail%26utm_term%3Dsocial
mailto:?subject=בחזרה לטבע: פריטים מעוצבים לבית מחומרים ממוחזרים - וואלה!&body=%0D%0A לקריאת הכתבה:%0D%0Ahttps%3A%2F%2Fhome.walla.co.il%2Fitem%2F3321575%3Futm_campaign%3Dsocialbutton%26utm_content%3Dmail%26utm_medium%3Dsharebutton%26utm_source%3Dmail%26utm_term%3Dsocial
mailto:?subject=מה הופך בית לבית? האופי של הדיירים - אבל גם של המעצב - וואלה!&body=%0D%0A לקריאת הכתבה:%0D%0Ahttps%3A%2F%2Fhome.walla.co.il%2Fitem%2F3319658%3Futm_campaign%3Dsocialbutton%26utm_content%3Dmail%26utm_medium%3Dsharebutton%26utm_source%3Dmail%26utm_term%3Dsocial
mailto:?subject=כביש מלא זומבים - וואלה!&body=%0D%0A לקריאת הכתבה:%0D%0Ahttp%3A%2F%2Ffun.walla.co.il%2Fgame%2F3323421
mailto:?subject=כביש מלא זומבים - וואלה!&body=%0D%0A לקריאת הכתבה:%0D%0Ahttp%3A%2F%2Ffun.walla.co.il%2Fitem%2F3323421%3Futm_campaign%3Dsocialbutton%26utm_content%3Dmail%26utm_medium%3Dsharebutton%26utm_source%3Dmail%26utm_term%3Dsocial
mailto:?subject=אדם וחווה אסטרונאוטים - וואלה!&body=%0D%0A לקריאת הכתבה:%0D%0Ahttp%3A%2F%2Ffun.walla.co.il%2Fgame%2F3323883
mailto:?subject=אדם וחווה אסטרונאוטים - וואלה!&body=%0D%0A לקריאת הכתבה:%0D%0Ahttp%3A%2F%2Ffun.walla.co.il%2Fitem%2F3323883%3Futm_campaign%3Dsocialbutton%26utm_content%3Dmail%26utm_medium%3Dsharebutton%26utm_source%3Dmail%26utm_term%3Dsocial
mailto:?subject=תגידו לנו מה אתם רואים בתמונות ונגלה לכם כמה אתם בוגרים - וואלה!&body=%0D%0A לקריאת הכתבה:%0D%0Ahttp%3A%2F%2Ffun.walla.co.il%2Fitem%2F3042844%3Futm_campaign%3Dsocialbutton%26utm_content%3Dmail%26utm_medium%3Dsharebutton%26utm_source%3Dmail%26utm_term%3Dsocial
mailto:?subject=ריצת משוכות - וואלה!&body=%0D%0A לקריאת הכתבה:%0D%0Ahttp%3A%2F%2Ffun.walla.co.il%2Fgame%2F3322670
mailto:?subject=ריצת משוכות - וואלה!&body=%0D%0A לקריאת הכתבה:%0D%0Ahttp%3A%2F%2Ffun.walla.co.il%2Fitem%2F3322670%3Futm_campaign%3Dsocialbutton%26utm_content%3Dmail%26utm_medium%3Dsharebutton%26utm_source%3Dmail%26utm_term%3Dsocial
mailto:?subject=יוצאות למסיבה: ה'קשות' חוזרות לכבוש את 'האומן 17' - וואלה!&body=%0D%0A לקריאת הכתבה:%0D%0Ahttp%3A%2F%2Fpride.walla.co.il%2Fitem%2F3323484%3Futm_campaign%3Dsocialbutton%26utm_content%3Dmail%26utm_medium%3Dsharebutton%26utm_source%3Dmail%26utm_term%3Dsocial
mailto:?subject=הונגריה: קוקה קולה העלתה קמפיין גאה - ונקנסה - וואלה!&body=%0D%0A לקריאת הכתבה:%0D%0Ahttp%3A%2F%2Fpride.walla.co.il%2Fitem%2F3323011%3Futm_campaign%3Dsocialbutton%26utm_content%3Dmail%26utm_medium%3Dsharebutton%26utm_source%3Dmail%26utm_term%3Dsocial
mailto:?subject=ממשלת שוודיה תממן שעות סיפור עם מלכות דראג - וואלה!&body=%0D%0A לקריאת הכתבה:%0D%0Ahttp%3A%2F%2Fpride.walla.co.il%2Fitem%2F3322883%3Futm_campaign%3Dsocialbutton%26utm_content%3Dmail%26utm_medium%3Dsharebutton%26utm_source%3Dmail%26utm_term%3Dsocial
mailto:?subject=OXXO - וואלה!&body=%0D%0A לקריאת הכתבה:%0D%0Ahttp%3A%2F%2Ffun.walla.co.il%2Fgame%2F3323113
mailto:?subject=OXXO - וואלה!&body=%0D%0A לקריאת הכתבה:%0D%0Ahttp%3A%2F%2Ffun.walla.co.il%2Fitem%2F3323113%3Futm_campaign%3Dsocialbutton%26utm_content%3Dmail%26utm_medium%3Dsharebutton%26utm_source%3Dmail%26utm_term%3Dsocial
mailto:?subject=קופץ על בלונים - וואלה!&body=%0D%0A לקריאת הכתבה:%0D%0Ahttp%3A%2F%2Ffun.walla.co.il%2Fgame%2F3323108
mailto:?subject=קופץ על בלונים - וואלה!&body=%0D%0A לקריאת הכתבה:%0D%0Ahttp%3A%2F%2Ffun.walla.co.il%2Fitem%2F3323108%3Futm_campaign%3Dsocialbutton%26utm_content%3Dmail%26utm_medium%3Dsharebutton%26utm_source%3Dmail%26utm_term%3Dsocial
mailto:?subject=כל התשובות לכל השאלות בנושא ייעוץ משכנתה - וואלה!&body=%0D%0A לקריאת הכתבה:%0D%0Ahttp%3A%2F%2Fgo-search.walla.co.il%2Fitem%2F3316765%3Futm_campaign%3Dsocialbutton%26utm_content%3Dmail%26utm_medium%3Dsharebutton%26utm_source%3Dmail%26utm_term%3Dsocial
mailto:?subject=קדימה, יוצאים לשופינג: המותגים החדשים בעזריאלי תל אביב - וואלה!&body=%0D%0A לקריאת הכתבה:%0D%0Ahttps%3A%2F%2Ffinance.walla.co.il%2Fitem%2F3315081%3Futm_campaign%3Dsocialbutton%26utm_content%3Dmail%26utm_medium%3Dsharebutton%26utm_source%3Dmail%26utm_term%3Dsocial
mailto:pegasus@pegasusisrael.co.il
mailto:?subject=באבלס בחלל - וואלה!&body=%0D%0A לקריאת הכתבה:%0D%0Ahttp%3A%2F%2Ffun.walla.co.il%2Fgame%2F3322662
mailto:?subject=באבלס בחלל - וואלה!&body=%0D%0A לקריאת הכתבה:%0D%0Ahttp%3A%2F%2Ffun.walla.co.il%2Fitem%2F3322662%3Futm_campaign%3Dsocialbutton%26utm_content%3Dmail%26utm_medium%3Dsharebutton%26utm_source%3Dmail%26utm_term%3Dsocial
mailto:?subject=לודו מלחמה - וואלה!&body=%0D%0A לקריאת הכתבה:%0D%0Ahttp%3A%2F%2Ffun.walla.co.il%2Fgame%2F3323419
mailto:?subject=לודו מלחמה - וואלה!&body=%0D%0A לקריאת הכתבה:%0D%0Ahttp%3A%2F%2Ffun.walla.co.il%2Fitem%2F3323419%3Futm_campaign%3Dsocialbutton%26utm_content%3Dmail%26utm_medium%3Dsharebutton%26utm_source%3Dmail%26utm_term%3Dsocial
mailto:?subject=סנייק ZZZ - וואלה!&body=%0D%0A לקריאת הכתבה:%0D%0Ahttp%3A%2F%2Ffun.walla.co.il%2Fgame%2F3323119
mailto:?subject=סנייק ZZZ - וואלה!&body=%0D%0A לקריאת הכתבה:%0D%0Ahttp%3A%2F%2Ffun.walla.co.il%2Fitem%2F3323119%3Futm_campaign%3Dsocialbutton%26utm_content%3Dmail%26utm_medium%3Dsharebutton%26utm_source%3Dmail%26utm_term%3Dsocial
mailto:?subject=תמונות היום - וואלה!&body=%0D%0A לקריאת הכתבה:%0D%0Ahttps%3A%2F%2Fnews.walla.co.il%2Fitem%2F3323804%3Futm_campaign%3Dsocialbutton%26utm_content%3Dmail%26utm_medium%3Dsharebutton%26utm_source%3Dmail%26utm_term%3Dsocial
mailto:info@bigdeal.co.il
